==============================================================================
TestCases                                                                     
==============================================================================
TestCases.DDT1                                                                
==============================================================================
Right User empty Password                                             | PASS |
------------------------------------------------------------------------------
Right User wrong Password                                             | PASS |
------------------------------------------------------------------------------
Wrong User right Password                                             | PASS |
------------------------------------------------------------------------------
Wrong User empty Password                                             | PASS |
------------------------------------------------------------------------------
Wrong User wrong Password                                             | PASS |
------------------------------------------------------------------------------
TestCases.DDT1                                                        | PASS |
5 critical tests, 5 passed, 0 failed
5 tests total, 5 passed, 0 failed
==============================================================================
TestCases                                                             | PASS |
5 critical tests, 5 passed, 0 failed
5 tests total, 5 passed, 0 failed
==============================================================================
Output:  C:\Users\Punith.Keshav\PycharmProjects\RobotFrameworkProject\pabot_results\2\output.xml
