==============================================================================
TestCases                                                                     
==============================================================================
TestCases.Forloop                                                             
==============================================================================
ForLoop1                                                              1
| PASS |
------------------------------------------------------------------------------
ForLoop2                                                              1 2
| PASS |
------------------------------------------------------------------------------
ForLoop3                                                              1
2
| PASS |
------------------------------------------------------------------------------
TestCases.Forloop                                                     | PASS |
3 critical tests, 3 passed, 0 failed
3 tests total, 3 passed, 0 failed
==============================================================================
TestCases                                                             | PASS |
3 critical tests, 3 passed, 0 failed
3 tests total, 3 passed, 0 failed
==============================================================================
Output:  C:\Users\Punith.Keshav\PycharmProjects\RobotFrameworkProject\pabot_results\4\output.xml
