==============================================================================
TestCases                                                                     
==============================================================================
TestCases.Links                                                               
==============================================================================
Extract Links                                                         53

Demo Site
Selenium




















Insurance Project
Agile Project
Bank Project
Security Project
Telecom Project
Payment Gateway Project
New Tours
SEO






Home
Flights
Hotels
Car Rentals
Cruises
Destinations
Vacations
SIGN-ON
REGISTER
SUPPORT
CONTACT
your destination
featured vacation destinations
Register here
Business Travel @ About.com
| PASS |
------------------------------------------------------------------------------
TestCases.Links                                                       | PASS |
1 critical test, 1 passed, 0 failed
1 test total, 1 passed, 0 failed
==============================================================================
TestCases                                                             | PASS |
1 critical test, 1 passed, 0 failed
1 test total, 1 passed, 0 failed
==============================================================================
Output:  C:\Users\Punith.Keshav\PycharmProjects\RobotFrameworkProject\pabot_results\7\output.xml
